

*******************************************************************************
Wed Jan 11 15:45:38 2017


FIT:    data read from 'a' u (log($1)):(log($2))
        format = x:z
        #datapoints = 165675
        residuals are weighted equally (unit weight)

function used for fitting: f(x)
	f(x)=a+b*x
fitted parameters initialized with current variable values

iter      chisq       delta/lim  lambda   a             b            
   0 2.7930662173e+06   0.00e+00  3.45e+00    1.000000e+00   1.000000e+00
   2 1.4524402389e+05  -4.26e-01  3.45e-02    7.025779e+00  -1.008138e+00

After 2 iterations the fit converged.
final sum of squares of residuals : 145244
rel. change during last iteration : -4.26066e-06

degrees of freedom    (FIT_NDF)                        : 165673
rms of residuals      (FIT_STDFIT) = sqrt(WSSR/ndf)    : 0.936318
variance of residuals (reduced chisquare) = WSSR/ndf   : 0.876691

Final set of parameters            Asymptotic Standard Error
=======================            ==========================
a               = 7.02578          +/- 0.009643     (0.1373%)
b               = -1.00814         +/- 0.002021     (0.2005%)

correlation matrix of the fit parameters:
                a      b      
a               1.000 
b              -0.971  1.000 
